  [1m[35m (541.0ms)[0m  [1m[35mCREATE DATABASE "ninety_nine_cats_development" ENCODING = 'unicode'[0m
  ↳ /Users/flagpuppy/.rvm/gems/ruby-2.5.1/gems/rake-12.3.2/lib/rake/task.rb:273
  [1m[35m (448.4ms)[0m  [1m[35mCREATE DATABASE "ninety_nine_cats_test" ENCODING = 'unicode'[0m
  ↳ /Users/flagpuppy/.rvm/gems/ruby-2.5.1/gems/rake-12.3.2/lib/rake/task.rb:273
  [1m[35m (11.5ms)[0m  [1m[35mCREATE TABLE "schema_migrations" ("version" character varying NOT NULL PRIMARY KEY)[0m
  ↳ /Users/flagpuppy/.rvm/gems/ruby-2.5.1/gems/rake-12.3.2/lib/rake/task.rb:273
  [1m[35m (45.1ms)[0m  [1m[35mCREATE TABLE "ar_internal_metadata" ("key" character varying NOT NULL PRIMARY KEY, "value" character varying, "created_at" timestamp NOT NULL, "updated_at" timestamp NOT NULL)[0m
  ↳ /Users/flagpuppy/.rvm/gems/ruby-2.5.1/gems/rake-12.3.2/lib/rake/task.rb:273
  [1m[35m (0.9ms)[0m  [1m[34mSELECT pg_try_advisory_lock(723150122408807205)[0m
  ↳ /Users/flagpuppy/.rvm/gems/ruby-2.5.1/gems/rake-12.3.2/lib/rake/task.rb:273
  [1m[35m (1.1ms)[0m  [1m[34mSELECT "schema_migrations"."version" FROM "schema_migrations" ORDER BY "schema_migrations"."version" ASC[0m
  ↳ /Users/flagpuppy/.rvm/gems/ruby-2.5.1/gems/rake-12.3.2/lib/rake/task.rb:273
Migrating to CreateCats (20190426222117)
  [1m[35m (0.2ms)[0m  [1m[35mBEGIN[0m
  ↳ /Users/flagpuppy/.rvm/gems/ruby-2.5.1/gems/rake-12.3.2/lib/rake/task.rb:273
  [1m[35m (46.2ms)[0m  [1m[35mCREATE TABLE "cats" ("id" bigserial primary key, "birth_date" date NOT NULL, "color" character varying NOT NULL, "name" character varying NOT NULL, "sex" character varying(1) NOT NULL, "description" text NOT NULL, "created_at" timestamp NOT NULL, "updated_at" timestamp NOT NULL)[0m
  ↳ db/migrate/20190426222117_create_cats.rb:3
  [1m[35m (1.5ms)[0m  [1m[35mCREATE  INDEX  "index_cats_on_name" ON "cats"  ("name")[0m
  ↳ db/migrate/20190426222117_create_cats.rb:13
  [1m[35m (1.3ms)[0m  [1m[35mCREATE  INDEX  "index_cats_on_sex" ON "cats"  ("sex")[0m
  ↳ db/migrate/20190426222117_create_cats.rb:14
  [1m[35m (1.3ms)[0m  [1m[35mCREATE  INDEX  "index_cats_on_color" ON "cats"  ("color")[0m
  ↳ db/migrate/20190426222117_create_cats.rb:15
  [1m[36mActiveRecord::SchemaMigration Create (1.3ms)[0m  [1m[32mINSERT INTO "schema_migrations" ("version") VALUES ($1) RETURNING "version"[0m  [["version", "20190426222117"]]
  ↳ /Users/flagpuppy/.rvm/gems/ruby-2.5.1/gems/rake-12.3.2/lib/rake/task.rb:273
  [1m[35m (1.2ms)[0m  [1m[35mCOMMIT[0m
  ↳ /Users/flagpuppy/.rvm/gems/ruby-2.5.1/gems/rake-12.3.2/lib/rake/task.rb:273
  [1m[36mActiveRecord::InternalMetadata Load (0.4ms)[0m  [1m[34mSELECT  "ar_internal_metadata".* FROM "ar_internal_metadata" WHERE "ar_internal_metadata"."key" = $1 LIMIT $2[0m  [["key", "environment"], ["LIMIT", 1]]
  ↳ /Users/flagpuppy/.rvm/gems/ruby-2.5.1/gems/rake-12.3.2/lib/rake/task.rb:273
  [1m[35m (0.2ms)[0m  [1m[35mBEGIN[0m
  ↳ /Users/flagpuppy/.rvm/gems/ruby-2.5.1/gems/rake-12.3.2/lib/rake/task.rb:273
  [1m[36mActiveRecord::InternalMetadata Create (40.1ms)[0m  [1m[32mINSERT INTO "ar_internal_metadata" ("key", "value", "created_at", "updated_at") VALUES ($1, $2, $3, $4) RETURNING "key"[0m  [["key", "environment"], ["value", "development"], ["created_at", "2019-04-26 22:27:26.515770"], ["updated_at", "2019-04-26 22:27:26.515770"]]
  ↳ /Users/flagpuppy/.rvm/gems/ruby-2.5.1/gems/rake-12.3.2/lib/rake/task.rb:273
  [1m[35m (1.3ms)[0m  [1m[35mCOMMIT[0m
  ↳ /Users/flagpuppy/.rvm/gems/ruby-2.5.1/gems/rake-12.3.2/lib/rake/task.rb:273
  [1m[35m (0.3ms)[0m  [1m[34mSELECT pg_advisory_unlock(723150122408807205)[0m
  ↳ /Users/flagpuppy/.rvm/gems/ruby-2.5.1/gems/rake-12.3.2/lib/rake/task.rb:273
  [1m[35m (0.4ms)[0m  [1m[34mSELECT "schema_migrations"."version" FROM "schema_migrations" ORDER BY "schema_migrations"."version" ASC[0m
  ↳ /Users/flagpuppy/.rvm/gems/ruby-2.5.1/gems/rake-12.3.2/lib/rake/task.rb:273
  [1m[36mCat Load (1.1ms)[0m  [1m[34mSELECT "cats".* FROM "cats"[0m
  [1m[35m (0.2ms)[0m  [1m[35mBEGIN[0m
  [1m[36mCat Create (2.4ms)[0m  [1m[32mINSERT INTO "cats" ("birth_date", "color", "name", "sex", "description", "created_at", "updated_at") VALUES ($1, $2, $3, $4, $5, $6, $7) RETURNING "id"[0m  [["birth_date", "2016-10-01"], ["color", "ginger"], ["name", "Happy Cat"], ["sex", "F"], ["description", "This is a happy cat"], ["created_at", "2019-04-26 22:42:25.279774"], ["updated_at", "2019-04-26 22:42:25.279774"]]
  [1m[35m (0.5ms)[0m  [1m[35mCOMMIT[0m
  [1m[36mCat Load (1.4ms)[0m  [1m[34mSELECT  "cats".* FROM "cats" ORDER BY "cats"."id" ASC LIMIT $1[0m  [["LIMIT", 1]]
  [1m[36mCat Load (1.3ms)[0m  [1m[34mSELECT  "cats".* FROM "cats" ORDER BY "cats"."id" ASC LIMIT $1[0m  [["LIMIT", 1]]
  [1m[36mCat Load (0.8ms)[0m  [1m[34mSELECT  "cats".* FROM "cats" ORDER BY "cats"."id" ASC LIMIT $1[0m  [["LIMIT", 1]]
  [1m[36mCat Load (0.5ms)[0m  [1m[34mSELECT  "cats".* FROM "cats" ORDER BY "cats"."id" ASC LIMIT $1[0m  [["LIMIT", 1]]
  [1m[36mCat Load (0.5ms)[0m  [1m[34mSELECT  "cats".* FROM "cats" ORDER BY "cats"."id" ASC LIMIT $1[0m  [["LIMIT", 1]]
  [1m[36mCat Load (0.5ms)[0m  [1m[34mSELECT  "cats".* FROM "cats" ORDER BY "cats"."id" ASC LIMIT $1[0m  [["LIMIT", 1]]
  [1m[36mCat Load (0.5ms)[0m  [1m[34mSELECT  "cats".* FROM "cats" ORDER BY "cats"."id" ASC LIMIT $1[0m  [["LIMIT", 1]]
  [1m[36mCat Load (0.4ms)[0m  [1m[34mSELECT  "cats".* FROM "cats" ORDER BY "cats"."id" ASC LIMIT $1[0m  [["LIMIT", 1]]
  [1m[36mCat Load (0.5ms)[0m  [1m[34mSELECT  "cats".* FROM "cats" ORDER BY "cats"."id" ASC LIMIT $1[0m  [["LIMIT", 1]]
  [1m[36mCat Load (0.6ms)[0m  [1m[34mSELECT  "cats".* FROM "cats" ORDER BY "cats"."id" ASC LIMIT $1[0m  [["LIMIT", 1]]
  [1m[36mCat Load (0.4ms)[0m  [1m[34mSELECT  "cats".* FROM "cats" ORDER BY "cats"."id" ASC LIMIT $1[0m  [["LIMIT", 1]]
  [1m[36mCat Load (1.5ms)[0m  [1m[34mSELECT  "cats".* FROM "cats" ORDER BY "cats"."id" ASC LIMIT $1[0m  [["LIMIT", 1]]
  [1m[36mCat Load (0.3ms)[0m  [1m[34mSELECT  "cats".* FROM "cats" ORDER BY "cats"."id" ASC LIMIT $1[0m  [["LIMIT", 1]]
  [1m[36mCat Load (1.3ms)[0m  [1m[34mSELECT  "cats".* FROM "cats" ORDER BY "cats"."id" ASC LIMIT $1[0m  [["LIMIT", 1]]
  [1m[36mCat Load (0.4ms)[0m  [1m[34mSELECT  "cats".* FROM "cats" ORDER BY "cats"."id" ASC LIMIT $1[0m  [["LIMIT", 1]]
  [1m[36mCat Load (0.3ms)[0m  [1m[34mSELECT  "cats".* FROM "cats" ORDER BY "cats"."id" ASC LIMIT $1[0m  [["LIMIT", 1]]
  [1m[36mCat Load (0.3ms)[0m  [1m[34mSELECT  "cats".* FROM "cats" ORDER BY "cats"."id" ASC LIMIT $1[0m  [["LIMIT", 1]]
  [1m[35m (0.9ms)[0m  [1m[34mSELECT "schema_migrations"."version" FROM "schema_migrations" ORDER BY "schema_migrations"."version" ASC[0m
  ↳ /Users/flagpuppy/.rvm/gems/ruby-2.5.1/gems/rake-12.3.2/lib/rake/task.rb:273
  [1m[35m (0.1ms)[0m  [1m[35mBEGIN[0m
  ↳ db/seeds.rb:8
  [1m[35m (15.2ms)[0m  [1m[35mTRUNCATE TABLE cats RESTART IDENTITY;[0m
  ↳ db/seeds.rb:11
  [1m[36mCat Create (1.1ms)[0m  [1m[32mINSERT INTO "cats" ("birth_date", "color", "name", "sex", "description", "created_at", "updated_at") VALUES ($1, $2, $3, $4, $5, $6, $7) RETURNING "id"[0m  [["birth_date", "2016-01-01"], ["color", "ginger"], ["name", "Frodo"], ["sex", "M"], ["description", "From the Shire."], ["created_at", "2019-04-26 23:05:17.590682"], ["updated_at", "2019-04-26 23:05:17.590682"]]
  ↳ db/seeds.rb:15
  [1m[36mCat Create (0.7ms)[0m  [1m[32mINSERT INTO "cats" ("birth_date", "color", "name", "sex", "description", "created_at", "updated_at") VALUES ($1, $2, $3, $4, $5, $6, $7) RETURNING "id"[0m  [["birth_date", "2010-08-07"], ["color", "black"], ["name", "Bilbo"], ["sex", "F"], ["description", "Old but sweet"], ["created_at", "2019-04-26 23:05:17.593330"], ["updated_at", "2019-04-26 23:05:17.593330"]]
  ↳ db/seeds.rb:15
  [1m[36mCat Create (0.4ms)[0m  [1m[32mINSERT INTO "cats" ("birth_date", "color", "name", "sex", "description", "created_at", "updated_at") VALUES ($1, $2, $3, $4, $5, $6, $7) RETURNING "id"[0m  [["birth_date", "2015-07-25"], ["color", "blue"], ["name", "Xanadu"], ["sex", "F"], ["description", "Sassy and cute"], ["created_at", "2019-04-26 23:05:17.595112"], ["updated_at", "2019-04-26 23:05:17.595112"]]
  ↳ db/seeds.rb:15
  [1m[35m (2.4ms)[0m  [1m[35mCOMMIT[0m
  ↳ db/seeds.rb:8
  [1m[36mCat Load (1.0ms)[0m  [1m[34mSELECT "cats".* FROM "cats"[0m
Started GET "/cats" for ::1 at 2019-04-26 16:11:25 -0700
  [1m[35m (0.9ms)[0m  [1m[34mSELECT "schema_migrations"."version" FROM "schema_migrations" ORDER BY "schema_migrations"."version" ASC[0m
  ↳ /Users/flagpuppy/.rvm/gems/ruby-2.5.1/gems/better_errors-2.5.1/lib/better_errors/middleware.rb:84
Processing by CatsController#index as HTML
Completed 500 Internal Server Error in 32ms (ActiveRecord: 0.0ms)



ActionView::MissingTemplate - Missing template cats/index, application/index with {:locale=>[:en], :formats=>[:html], :variants=>[], :handlers=>[:raw, :erb, :html, :builder, :ruby, :coffee, :jbuilder]}. Searched in:
  * "/Users/flagpuppy/Desktop/Studying/App Academy/Projects/99 Cats/ninety_nine_cats/app/views"
:
  app/controllers/cats_controller.rb:4:in `index'

Started POST "/__better_errors/a7787d5c79749176/variables" for ::1 at 2019-04-26 16:11:26 -0700
  [1m[36mCat Load (1.2ms)[0m  [1m[34mSELECT  "cats".* FROM "cats" LIMIT $1[0m  [["LIMIT", 11]]
  ↳ /Users/flagpuppy/.rvm/gems/ruby-2.5.1/gems/better_errors-2.5.1/lib/better_errors/inspectable_value.rb:28
  [1m[36mCACHE Cat Load (0.0ms)[0m  [1m[34mSELECT  "cats".* FROM "cats" LIMIT $1[0m  [["LIMIT", 11]]
  ↳ /Users/flagpuppy/.rvm/gems/ruby-2.5.1/gems/better_errors-2.5.1/lib/better_errors/inspectable_value.rb:28
  [1m[36mCACHE Cat Load (0.1ms)[0m  [1m[34mSELECT  "cats".* FROM "cats" LIMIT $1[0m  [["LIMIT", 11]]
  ↳ /Users/flagpuppy/.rvm/gems/ruby-2.5.1/gems/better_errors-2.5.1/lib/better_errors/inspectable_value.rb:28
Started GET "/cats" for ::1 at 2019-04-26 16:11:54 -0700
Processing by CatsController#index as HTML
  Rendering cats/index.html.erb within layouts/application
  Rendered cats/index.html.erb within layouts/application (36.0ms)
Completed 200 OK in 684ms (Views: 683.7ms | ActiveRecord: 0.0ms)


Started GET "/cats" for ::1 at 2019-04-26 16:12:35 -0700
Processing by CatsController#index as HTML
  Rendering cats/index.html.erb within layouts/application
  [1m[36mCat Load (0.4ms)[0m  [1m[34mSELECT "cats".* FROM "cats"[0m
  ↳ app/views/cats/index.html.erb:2
  Rendered cats/index.html.erb within layouts/application (12.6ms)
Completed 500 Internal Server Error in 23ms (ActiveRecord: 0.4ms)



ActionView::MissingTemplate - Missing partial cats/_cat with {:locale=>[:en], :formats=>[:html], :variants=>[], :handlers=>[:raw, :erb, :html, :builder, :ruby, :coffee, :jbuilder]}. Searched in:
  * "/Users/flagpuppy/Desktop/Studying/App Academy/Projects/99 Cats/ninety_nine_cats/app/views"
:
  app/views/cats/index.html.erb:2:in `_app_views_cats_index_html_erb__3005681282408379144_70303224019460'
  app/controllers/cats_controller.rb:4:in `index'

Started POST "/__better_errors/01fd1e824db2f34b/variables" for ::1 at 2019-04-26 16:12:35 -0700
Started GET "/cats" for ::1 at 2019-04-26 16:14:50 -0700
Processing by CatsController#index as HTML
  Rendering cats/index.html.erb within layouts/application
  [1m[36mCat Load (14.1ms)[0m  [1m[34mSELECT "cats".* FROM "cats"[0m
  ↳ app/views/cats/index.html.erb:4
  Rendered cats/index.html.erb within layouts/application (49.2ms)
Completed 500 Internal Server Error in 69ms (ActiveRecord: 14.1ms)



ActionView::MissingTemplate - Missing partial cats/_cat with {:locale=>[:en], :formats=>[:html], :variants=>[], :handlers=>[:raw, :erb, :html, :builder, :ruby, :coffee, :jbuilder]}. Searched in:
  * "/Users/flagpuppy/Desktop/Studying/App Academy/Projects/99 Cats/ninety_nine_cats/app/views"
:
  app/views/cats/index.html.erb:4:in `_app_views_cats_index_html_erb__3005681282408379144_70303205053040'
  app/controllers/cats_controller.rb:4:in `index'

Started POST "/__better_errors/35f7971badab1a46/variables" for ::1 at 2019-04-26 16:14:51 -0700
Started GET "/cats" for ::1 at 2019-04-26 16:16:15 -0700
Processing by CatsController#index as HTML
  [1m[36mCat Load (1.2ms)[0m  [1m[34mSELECT "cats".* FROM "cats"[0m
  ↳ app/controllers/cats_controller.rb:4
Completed 200 OK in 206ms (Views: 114.1ms | ActiveRecord: 59.8ms)


Started GET "/cats" for ::1 at 2019-04-26 16:16:46 -0700
Processing by CatsController#index as HTML
  Rendering cats/index.html.erb within layouts/application
  [1m[36mCat Load (0.9ms)[0m  [1m[34mSELECT "cats".* FROM "cats"[0m
  ↳ app/views/cats/index.html.erb:4
  Rendered cats/index.html.erb within layouts/application (53.5ms)
Completed 500 Internal Server Error in 70ms (ActiveRecord: 12.5ms)



ActionView::MissingTemplate - Missing partial cats/_cat with {:locale=>[:en], :formats=>[:html], :variants=>[], :handlers=>[:raw, :erb, :html, :builder, :ruby, :coffee, :jbuilder]}. Searched in:
  * "/Users/flagpuppy/Desktop/Studying/App Academy/Projects/99 Cats/ninety_nine_cats/app/views"
:
  app/views/cats/index.html.erb:4:in `_app_views_cats_index_html_erb__3005681282408379144_70303194704980'
  app/controllers/cats_controller.rb:4:in `index'

Started POST "/__better_errors/aad11ab9e944f0d8/variables" for ::1 at 2019-04-26 16:16:46 -0700
Started GET "/cats" for ::1 at 2019-04-26 16:19:27 -0700
Processing by CatsController#index as HTML
  Rendering cats/index.html.erb within layouts/application
  Rendered cats/index.html.erb within layouts/application (6.0ms)
Completed 500 Internal Server Error in 14ms (ActiveRecord: 0.0ms)



ArgumentError - You invoked render but did not give any of :partial, :template, :inline, :file, :plain, :html or :body option.:
  app/views/cats/index.html.erb:4:in `_app_views_cats_index_html_erb__3005681282408379144_70303253019340'
  app/controllers/cats_controller.rb:4:in `index'

Started POST "/__better_errors/eb12bf89fa0911b9/variables" for ::1 at 2019-04-26 16:19:27 -0700
  [1m[36mCat Load (0.5ms)[0m  [1m[34mSELECT  "cats".* FROM "cats" LIMIT $1[0m  [["LIMIT", 11]]
  ↳ /Users/flagpuppy/.rvm/gems/ruby-2.5.1/gems/better_errors-2.5.1/lib/better_errors/inspectable_value.rb:28
  [1m[36mCACHE Cat Load (0.0ms)[0m  [1m[34mSELECT  "cats".* FROM "cats" LIMIT $1[0m  [["LIMIT", 11]]
  ↳ /Users/flagpuppy/.rvm/gems/ruby-2.5.1/gems/better_errors-2.5.1/lib/better_errors/inspectable_value.rb:28
  [1m[36mCACHE Cat Load (0.0ms)[0m  [1m[34mSELECT  "cats".* FROM "cats" LIMIT $1[0m  [["LIMIT", 11]]
  ↳ /Users/flagpuppy/.rvm/gems/ruby-2.5.1/gems/better_errors-2.5.1/lib/better_errors/inspectable_value.rb:28
  [1m[36mCACHE Cat Load (0.0ms)[0m  [1m[34mSELECT  "cats".* FROM "cats" LIMIT $1[0m  [["LIMIT", 11]]
  ↳ /Users/flagpuppy/.rvm/gems/ruby-2.5.1/gems/better_errors-2.5.1/lib/better_errors/inspectable_value.rb:28
  [1m[36mCACHE Cat Load (0.1ms)[0m  [1m[34mSELECT  "cats".* FROM "cats" LIMIT $1[0m  [["LIMIT", 11]]
  ↳ /Users/flagpuppy/.rvm/gems/ruby-2.5.1/gems/better_errors-2.5.1/lib/better_errors/inspectable_value.rb:28
Started POST "/__better_errors/eb12bf89fa0911b9/variables" for ::1 at 2019-04-26 16:19:58 -0700
  [1m[36mCat Load (0.3ms)[0m  [1m[34mSELECT  "cats".* FROM "cats" LIMIT $1[0m  [["LIMIT", 11]]
  ↳ /Users/flagpuppy/.rvm/gems/ruby-2.5.1/gems/better_errors-2.5.1/lib/better_errors/inspectable_value.rb:28
  [1m[36mCACHE Cat Load (0.0ms)[0m  [1m[34mSELECT  "cats".* FROM "cats" LIMIT $1[0m  [["LIMIT", 11]]
  ↳ /Users/flagpuppy/.rvm/gems/ruby-2.5.1/gems/better_errors-2.5.1/lib/better_errors/inspectable_value.rb:28
  [1m[36mCACHE Cat Load (0.0ms)[0m  [1m[34mSELECT  "cats".* FROM "cats" LIMIT $1[0m  [["LIMIT", 11]]
  ↳ /Users/flagpuppy/.rvm/gems/ruby-2.5.1/gems/better_errors-2.5.1/lib/better_errors/inspectable_value.rb:28
  [1m[36mCACHE Cat Load (0.0ms)[0m  [1m[34mSELECT  "cats".* FROM "cats" LIMIT $1[0m  [["LIMIT", 11]]
  ↳ /Users/flagpuppy/.rvm/gems/ruby-2.5.1/gems/better_errors-2.5.1/lib/better_errors/inspectable_value.rb:28
Started GET "/cats" for ::1 at 2019-04-26 16:20:23 -0700
Processing by CatsController#index as HTML
  Rendering cats/index.html.erb within layouts/application
  [1m[36mCat Load (2.9ms)[0m  [1m[34mSELECT "cats".* FROM "cats"[0m
  ↳ app/views/cats/index.html.erb:4
  Rendered cats/index.html.erb within layouts/application (190.1ms)
Completed 500 Internal Server Error in 251ms (ActiveRecord: 19.4ms)



ActionView::MissingTemplate - Missing partial cats/_cat with {:locale=>[:en], :formats=>[:html], :variants=>[], :handlers=>[:raw, :erb, :html, :builder, :ruby, :coffee, :jbuilder]}. Searched in:
  * "/Users/flagpuppy/Desktop/Studying/App Academy/Projects/99 Cats/ninety_nine_cats/app/views"
:
  app/views/cats/index.html.erb:4:in `_app_views_cats_index_html_erb__3005681282408379144_70303222162740'
  app/controllers/cats_controller.rb:4:in `index'

Started POST "/__better_errors/e064a6c6dba0b459/variables" for ::1 at 2019-04-26 16:20:23 -0700
Started GET "/cats" for ::1 at 2019-04-26 16:21:53 -0700
Processing by CatsController#index as HTML
  Rendering cats/index.html.erb within layouts/application
  [1m[36mCat Load (6.3ms)[0m  [1m[34mSELECT "cats".* FROM "cats"[0m
  ↳ app/views/cats/index.html.erb:4
  Rendered cats/index.html.erb within layouts/application (75.5ms)
Completed 500 Internal Server Error in 103ms (ActiveRecord: 31.8ms)



ActionView::MissingTemplate - Missing partial cats/_cat with {:locale=>[:en], :formats=>[:html], :variants=>[], :handlers=>[:raw, :erb, :html, :builder, :ruby, :coffee, :jbuilder]}. Searched in:
  * "/Users/flagpuppy/Desktop/Studying/App Academy/Projects/99 Cats/ninety_nine_cats/app/views"
:
  app/views/cats/index.html.erb:4:in `_app_views_cats_index_html_erb__3005681282408379144_70303254933480'
  app/controllers/cats_controller.rb:4:in `index'

Started POST "/__better_errors/f7399500181bce95/variables" for ::1 at 2019-04-26 16:21:54 -0700
Started GET "/cats" for ::1 at 2019-04-26 16:22:21 -0700
Processing by CatsController#index as HTML
  Rendering cats/index.html.erb within layouts/application
  [1m[36mCat Load (2.9ms)[0m  [1m[34mSELECT "cats".* FROM "cats"[0m
  ↳ app/views/cats/index.html.erb:4
  Rendered cats/index.html.erb within layouts/application (11.4ms)
Completed 200 OK in 53ms (Views: 49.7ms | ActiveRecord: 2.9ms)


Started GET "/cats" for ::1 at 2019-04-26 16:25:11 -0700
Processing by CatsController#index as HTML
  Rendering cats/index.html.erb within layouts/application
  [1m[36mCat Load (1.1ms)[0m  [1m[34mSELECT "cats".* FROM "cats"[0m
  ↳ app/views/cats/index.html.erb:4
  Rendered cats/index.html.erb within layouts/application (51.8ms)
Completed 200 OK in 78ms (Views: 57.5ms | ActiveRecord: 16.7ms)


Started GET "/cats/1" for ::1 at 2019-04-26 16:25:14 -0700
Processing by CatsController#show as HTML
  Parameters: {"id"=>"1"}
  [1m[36mCat Load (0.6ms)[0m  [1m[34mSELECT  "cats".* FROM "cats" WHERE "cats"."id" = $1 LIMIT $2[0m  [["id", 1], ["LIMIT", 1]]
  ↳ app/controllers/cats_controller.rb:8
Completed 500 Internal Server Error in 25ms (ActiveRecord: 0.6ms)



ActionView::MissingTemplate - Missing template cats/show, application/show with {:locale=>[:en], :formats=>[:html], :variants=>[], :handlers=>[:raw, :erb, :html, :builder, :ruby, :coffee, :jbuilder]}. Searched in:
  * "/Users/flagpuppy/Desktop/Studying/App Academy/Projects/99 Cats/ninety_nine_cats/app/views"
:
  app/controllers/cats_controller.rb:11:in `show'

Started POST "/__better_errors/5cc34ddbbbf89433/variables" for ::1 at 2019-04-26 16:25:14 -0700
Started GET "/cats" for ::1 at 2019-04-26 16:26:17 -0700
Processing by CatsController#index as HTML
  Rendering cats/index.html.erb within layouts/application
  [1m[36mCat Load (2.8ms)[0m  [1m[34mSELECT "cats".* FROM "cats"[0m
  ↳ app/views/cats/index.html.erb:4
  Rendered cats/index.html.erb within layouts/application (7.6ms)
Completed 200 OK in 29ms (Views: 25.5ms | ActiveRecord: 2.8ms)


Started GET "/cats/1" for ::1 at 2019-04-26 16:26:19 -0700
Processing by CatsController#show as HTML
  Parameters: {"id"=>"1"}
  [1m[36mCat Load (1.2ms)[0m  [1m[34mSELECT  "cats".* FROM "cats" WHERE "cats"."id" = $1 LIMIT $2[0m  [["id", 1], ["LIMIT", 1]]
  ↳ app/controllers/cats_controller.rb:8
  Rendering cats/show.html.erb within layouts/application
  Rendered cats/show.html.erb within layouts/application (0.6ms)
Completed 200 OK in 37ms (Views: 33.6ms | ActiveRecord: 1.2ms)


Started GET "/cats/1" for ::1 at 2019-04-26 16:33:08 -0700
Processing by CatsController#show as HTML
  Parameters: {"id"=>"1"}
  [1m[36mCat Load (0.9ms)[0m  [1m[34mSELECT  "cats".* FROM "cats" WHERE "cats"."id" = $1 LIMIT $2[0m  [["id", 1], ["LIMIT", 1]]
  ↳ app/controllers/cats_controller.rb:8
  Rendering cats/show.html.erb within layouts/application
  Rendered cats/show.html.erb within layouts/application (0.6ms)
Completed 200 OK in 31ms (Views: 27.7ms | ActiveRecord: 1.2ms)


Started GET "/cats/1" for ::1 at 2019-04-26 16:34:17 -0700
Processing by CatsController#show as HTML
  Parameters: {"id"=>"1"}
  [1m[36mCat Load (0.4ms)[0m  [1m[34mSELECT  "cats".* FROM "cats" WHERE "cats"."id" = $1 LIMIT $2[0m  [["id", 1], ["LIMIT", 1]]
  ↳ app/controllers/cats_controller.rb:8
  Rendering cats/show.html.erb within layouts/application
  Rendered cats/show.html.erb within layouts/application (0.8ms)
Completed 200 OK in 21ms (Views: 19.0ms | ActiveRecord: 0.4ms)


Started GET "/cats/1" for ::1 at 2019-04-26 16:34:34 -0700
Processing by CatsController#show as HTML
  Parameters: {"id"=>"1"}
  [1m[36mCat Load (6.0ms)[0m  [1m[34mSELECT  "cats".* FROM "cats" WHERE "cats"."id" = $1 LIMIT $2[0m  [["id", 1], ["LIMIT", 1]]
  ↳ app/controllers/cats_controller.rb:8
  Rendering cats/show.html.erb within layouts/application
  Rendered cats/show.html.erb within layouts/application (1.0ms)
Completed 200 OK in 38ms (Views: 31.1ms | ActiveRecord: 6.0ms)


